Analysis & Synthesis report for Traffic_Ligh_Controller
Tue Dec 30 10:33:20 2025
Quartus II 64-Bit Version 13.1.0 Build 162 10/23/2013 SJ Web Edition


---------------------
; Table of Contents ;
---------------------
  1. Legal Notice
  2. Analysis & Synthesis Summary
  3. Analysis & Synthesis Settings
  4. Parallel Compilation
  5. Analysis & Synthesis Source Files Read
  6. Analysis & Synthesis Resource Usage Summary
  7. Analysis & Synthesis Resource Utilization by Entity
  8. State Machine - |traffic_light_controller|prev_state
  9. State Machine - |traffic_light_controller|state_reg
 10. Registers Removed During Synthesis
 11. General Register Statistics
 12. Inverted Register Statistics
 13. Multiplexer Restructuring Statistics (Restructuring Performed)
 14. Parameter Settings for User Entity Instance: Top-level Entity: |traffic_light_controller
 15. Parameter Settings for User Entity Instance: clock_divider:clk_div
 16. Parameter Settings for User Entity Instance: mux_clock_divider:mux_clk_div
 17. Parameter Settings for User Entity Instance: timer:main_timer
 18. Parameter Settings for Inferred Entity Instance: lpm_divide:Mod0
 19. Parameter Settings for Inferred Entity Instance: lpm_divide:Div0
 20. Port Connectivity Checks: "timer:main_timer"
 21. Elapsed Time Per Partition
 22. Analysis & Synthesis Messages
 23. Analysis & Synthesis Suppressed Messages



----------------
; Legal Notice ;
----------------
Copyright (C) 1991-2013 Altera Corporation
Your use of Altera Corporation's design tools, logic functions 
and other software and tools, and its AMPP partner logic 
functions, and any output files from any of the foregoing 
(including device programming or simulation files), and any 
associated documentation or information are expressly subject 
to the terms and conditions of the Altera Program License 
Subscription Agreement, Altera MegaCore Function License 
Agreement, or other applicable license agreement, including, 
without limitation, that your use is for the sole purpose of 
programming logic devices manufactured by Altera and sold by 
Altera or its authorized distributors.  Please refer to the 
applicable agreement for further details.



+---------------------------------------------------------------------------------+
; Analysis & Synthesis Summary                                                    ;
+------------------------------------+--------------------------------------------+
; Analysis & Synthesis Status        ; Successful - Tue Dec 30 10:33:20 2025      ;
; Quartus II 64-Bit Version          ; 13.1.0 Build 162 10/23/2013 SJ Web Edition ;
; Revision Name                      ; Traffic_Ligh_Controller                    ;
; Top-level Entity Name              ; traffic_light_controller                   ;
; Family                             ; Cyclone III                                ;
; Total logic elements               ; 179                                        ;
;     Total combinational functions  ; 179                                        ;
;     Dedicated logic registers      ; 59                                         ;
; Total registers                    ; 59                                         ;
; Total pins                         ; 19                                         ;
; Total virtual pins                 ; 0                                          ;
; Total memory bits                  ; 0                                          ;
; Embedded Multiplier 9-bit elements ; 0                                          ;
; Total PLLs                         ; 0                                          ;
+------------------------------------+--------------------------------------------+


+---------------------------------------------------------------------------------------------------------------------------------+
; Analysis & Synthesis Settings                                                                                                   ;
+----------------------------------------------------------------------------+--------------------------+-------------------------+
; Option                                                                     ; Setting                  ; Default Value           ;
+----------------------------------------------------------------------------+--------------------------+-------------------------+
; Device                                                                     ; EP3C120F780C7            ;                         ;
; Top-level entity name                                                      ; traffic_light_controller ; Traffic_Ligh_Controller ;
; Family name                                                                ; Cyclone III              ; Cyclone IV GX           ;
; Use smart compilation                                                      ; Off                      ; Off                     ;
; Enable parallel Assembler and TimeQuest Timing Analyzer during compilation ; On                       ; On                      ;
; Enable compact report table                                                ; Off                      ; Off                     ;
; Restructure Multiplexers                                                   ; Auto                     ; Auto                    ;
; Create Debugging Nodes for IP Cores                                        ; Off                      ; Off                     ;
; Preserve fewer node names                                                  ; On                       ; On                      ;
; Disable OpenCore Plus hardware evaluation                                  ; Off                      ; Off                     ;
; Verilog Version                                                            ; Verilog_2001             ; Verilog_2001            ;
; VHDL Version                                                               ; VHDL_1993                ; VHDL_1993               ;
; State Machine Processing                                                   ; Auto                     ; Auto                    ;
; Safe State Machine                                                         ; Off                      ; Off                     ;
; Extract Verilog State Machines                                             ; On                       ; On                      ;
; Extract VHDL State Machines                                                ; On                       ; On                      ;
; Ignore Verilog initial constructs                                          ; Off                      ; Off                     ;
; Iteration limit for constant Verilog loops                                 ; 5000                     ; 5000                    ;
; Iteration limit for non-constant Verilog loops                             ; 250                      ; 250                     ;
; Add Pass-Through Logic to Inferred RAMs                                    ; On                       ; On                      ;
; Infer RAMs from Raw Logic                                                  ; On                       ; On                      ;
; Parallel Synthesis                                                         ; On                       ; On                      ;
; DSP Block Balancing                                                        ; Auto                     ; Auto                    ;
; NOT Gate Push-Back                                                         ; On                       ; On                      ;
; Power-Up Don't Care                                                        ; On                       ; On                      ;
; Remove Redundant Logic Cells                                               ; Off                      ; Off                     ;
; Remove Duplicate Registers                                                 ; On                       ; On                      ;
; Ignore CARRY Buffers                                                       ; Off                      ; Off                     ;
; Ignore CASCADE Buffers                                                     ; Off                      ; Off                     ;
; Ignore GLOBAL Buffers                                                      ; Off                      ; Off                     ;
; Ignore ROW GLOBAL Buffers                                                  ; Off                      ; Off                     ;
; Ignore LCELL Buffers                                                       ; Off                      ; Off                     ;
; Ignore SOFT Buffers                                                        ; On                       ; On                      ;
; Limit AHDL Integers to 32 Bits                                             ; Off                      ; Off                     ;
; Optimization Technique                                                     ; Balanced                 ; Balanced                ;
; Carry Chain Length                                                         ; 70                       ; 70                      ;
; Auto Carry Chains                                                          ; On                       ; On                      ;
; Auto Open-Drain Pins                                                       ; On                       ; On                      ;
; Perform WYSIWYG Primitive Resynthesis                                      ; Off                      ; Off                     ;
; Auto ROM Replacement                                                       ; On                       ; On                      ;
; Auto RAM Replacement                                                       ; On                       ; On                      ;
; Auto DSP Block Replacement                                                 ; On                       ; On                      ;
; Auto Shift Register Replacement                                            ; Auto                     ; Auto                    ;
; Allow Shift Register Merging across Hierarchies                            ; Auto                     ; Auto                    ;
; Auto Clock Enable Replacement                                              ; On                       ; On                      ;
; Strict RAM Replacement                                                     ; Off                      ; Off                     ;
; Allow Synchronous Control Signals                                          ; On                       ; On                      ;
; Force Use of Synchronous Clear Signals                                     ; Off                      ; Off                     ;
; Auto RAM Block Balancing                                                   ; On                       ; On                      ;
; Auto RAM to Logic Cell Conversion                                          ; Off                      ; Off                     ;
; Auto Resource Sharing                                                      ; Off                      ; Off                     ;
; Allow Any RAM Size For Recognition                                         ; Off                      ; Off                     ;
; Allow Any ROM Size For Recognition                                         ; Off                      ; Off                     ;
; Allow Any Shift Register Size For Recognition                              ; Off                      ; Off                     ;
; Use LogicLock Constraints during Resource Balancing                        ; On                       ; On                      ;
; Ignore translate_off and synthesis_off directives                          ; Off                      ; Off                     ;
; Timing-Driven Synthesis                                                    ; On                       ; On                      ;
; Report Parameter Settings                                                  ; On                       ; On                      ;
; Report Source Assignments                                                  ; On                       ; On                      ;
; Report Connectivity Checks                                                 ; On                       ; On                      ;
; Ignore Maximum Fan-Out Assignments                                         ; Off                      ; Off                     ;
; Synchronization Register Chain Length                                      ; 2                        ; 2                       ;
; PowerPlay Power Optimization                                               ; Normal compilation       ; Normal compilation      ;
; HDL message level                                                          ; Level2                   ; Level2                  ;
; Suppress Register Optimization Related Messages                            ; Off                      ; Off                     ;
; Number of Removed Registers Reported in Synthesis Report                   ; 5000                     ; 5000                    ;
; Number of Swept Nodes Reported in Synthesis Report                         ; 5000                     ; 5000                    ;
; Number of Inverted Registers Reported in Synthesis Report                  ; 100                      ; 100                     ;
; Clock MUX Protection                                                       ; On                       ; On                      ;
; Auto Gated Clock Conversion                                                ; Off                      ; Off                     ;
; Block Design Naming                                                        ; Auto                     ; Auto                    ;
; SDC constraint protection                                                  ; Off                      ; Off                     ;
; Synthesis Effort                                                           ; Auto                     ; Auto                    ;
; Shift Register Replacement - Allow Asynchronous Clear Signal               ; On                       ; On                      ;
; Pre-Mapping Resynthesis Optimization                                       ; Off                      ; Off                     ;
; Analysis & Synthesis Message Level                                         ; Medium                   ; Medium                  ;
; Disable Register Merging Across Hierarchies                                ; Auto                     ; Auto                    ;
; Resource Aware Inference For Block RAM                                     ; On                       ; On                      ;
; Synthesis Seed                                                             ; 1                        ; 1                       ;
+----------------------------------------------------------------------------+--------------------------+-------------------------+


+------------------------------------------+
; Parallel Compilation                     ;
+----------------------------+-------------+
; Processors                 ; Number      ;
+----------------------------+-------------+
; Number detected on machine ; 12          ;
; Maximum allowed            ; 6           ;
;                            ;             ;
; Average used               ; 1.00        ;
; Maximum used               ; 1           ;
;                            ;             ;
; Usage by Processor         ; % Time Used ;
;     Processor 1            ; 100.0%      ;
;     Processors 2-12        ;   0.0%      ;
+----------------------------+-------------+


+----------------------------------------------------------------------------------------------------------------------------------------------------------------------------------------------------------+
; Analysis & Synthesis Source Files Read                                                                                                                                                                   ;
+----------------------------------+-----------------+------------------------------+------------------------------------------------------------------------------------------------------------+---------+
; File Name with User-Entered Path ; Used in Netlist ; File Type                    ; File Name with Absolute Path                                                                               ; Library ;
+----------------------------------+-----------------+------------------------------+------------------------------------------------------------------------------------------------------------+---------+
; traffic_light_controller.v       ; yes             ; User Verilog HDL File        ; D:/Semster_7/VLSI/Traffic_Light_Controller/traffic_light_controller.v                                      ;         ;
; timer.v                          ; yes             ; User Verilog HDL File        ; D:/Semster_7/VLSI/Traffic_Light_Controller/timer.v                                                         ;         ;
; lpm_divide.tdf                   ; yes             ; Megafunction                 ; d:/semster_7/advanced_computer_architecture/lab/altera/quartus/libraries/megafunctions/lpm_divide.tdf      ;         ;
; abs_divider.inc                  ; yes             ; Megafunction                 ; d:/semster_7/advanced_computer_architecture/lab/altera/quartus/libraries/megafunctions/abs_divider.inc     ;         ;
; sign_div_unsign.inc              ; yes             ; Megafunction                 ; d:/semster_7/advanced_computer_architecture/lab/altera/quartus/libraries/megafunctions/sign_div_unsign.inc ;         ;
; aglobal131.inc                   ; yes             ; Megafunction                 ; d:/semster_7/advanced_computer_architecture/lab/altera/quartus/libraries/megafunctions/aglobal131.inc      ;         ;
; db/lpm_divide_b8m.tdf            ; yes             ; Auto-Generated Megafunction  ; D:/Semster_7/VLSI/Traffic_Light_Controller/db/lpm_divide_b8m.tdf                                           ;         ;
; db/sign_div_unsign_9kh.tdf       ; yes             ; Auto-Generated Megafunction  ; D:/Semster_7/VLSI/Traffic_Light_Controller/db/sign_div_unsign_9kh.tdf                                      ;         ;
; db/alt_u_div_t2f.tdf             ; yes             ; Auto-Generated Megafunction  ; D:/Semster_7/VLSI/Traffic_Light_Controller/db/alt_u_div_t2f.tdf                                            ;         ;
; db/add_sub_unc.tdf               ; yes             ; Auto-Generated Megafunction  ; D:/Semster_7/VLSI/Traffic_Light_Controller/db/add_sub_unc.tdf                                              ;         ;
; db/add_sub_vnc.tdf               ; yes             ; Auto-Generated Megafunction  ; D:/Semster_7/VLSI/Traffic_Light_Controller/db/add_sub_vnc.tdf                                              ;         ;
; db/lpm_divide_8gm.tdf            ; yes             ; Auto-Generated Megafunction  ; D:/Semster_7/VLSI/Traffic_Light_Controller/db/lpm_divide_8gm.tdf                                           ;         ;
+----------------------------------+-----------------+------------------------------+------------------------------------------------------------------------------------------------------------+---------+


+-------------------------------------------------------------+
; Analysis & Synthesis Resource Usage Summary                 ;
+---------------------------------------------+---------------+
; Resource                                    ; Usage         ;
+---------------------------------------------+---------------+
; Estimated Total logic elements              ; 179           ;
;                                             ;               ;
; Total combinational functions               ; 179           ;
; Logic element usage by number of LUT inputs ;               ;
;     -- 4 input functions                    ; 51            ;
;     -- 3 input functions                    ; 20            ;
;     -- <=2 input functions                  ; 108           ;
;                                             ;               ;
; Logic elements by mode                      ;               ;
;     -- normal mode                          ; 101           ;
;     -- arithmetic mode                      ; 78            ;
;                                             ;               ;
; Total registers                             ; 59            ;
;     -- Dedicated logic registers            ; 59            ;
;     -- I/O registers                        ; 0             ;
;                                             ;               ;
; I/O pins                                    ; 19            ;
; Embedded Multiplier 9-bit elements          ; 0             ;
; Maximum fan-out node                        ; reset_n~input ;
; Maximum fan-out                             ; 59            ;
; Total fan-out                               ; 729           ;
; Average fan-out                             ; 2.64          ;
+---------------------------------------------+---------------+


+-----------------------------------------------------------------------------------------------------------------------------------------------------------------------------------------------------------------------------------------------------------------------------------------------+
; Analysis & Synthesis Resource Utilization by Entity                                                                                                                                                                                                                                           ;
+----------------------------------------+-------------------+--------------+-------------+--------------+---------+-----------+------+--------------+---------------------------------------------------------------------------------------------------------------------------+--------------+
; Compilation Hierarchy Node             ; LC Combinationals ; LC Registers ; Memory Bits ; DSP Elements ; DSP 9x9 ; DSP 18x18 ; Pins ; Virtual Pins ; Full Hierarchy Name                                                                                                       ; Library Name ;
+----------------------------------------+-------------------+--------------+-------------+--------------+---------+-----------+------+--------------+---------------------------------------------------------------------------------------------------------------------------+--------------+
; |traffic_light_controller              ; 179 (44)          ; 59 (6)       ; 0           ; 0            ; 0       ; 0         ; 19   ; 0            ; |traffic_light_controller                                                                                                 ; work         ;
;    |clock_divider:clk_div|             ; 37 (37)           ; 28 (28)      ; 0           ; 0            ; 0       ; 0         ; 0    ; 0            ; |traffic_light_controller|clock_divider:clk_div                                                                           ; work         ;
;    |lpm_divide:Div0|                   ; 30 (0)            ; 0 (0)        ; 0           ; 0            ; 0       ; 0         ; 0    ; 0            ; |traffic_light_controller|lpm_divide:Div0                                                                                 ; work         ;
;       |lpm_divide_8gm:auto_generated|  ; 30 (0)            ; 0 (0)        ; 0           ; 0            ; 0       ; 0         ; 0    ; 0            ; |traffic_light_controller|lpm_divide:Div0|lpm_divide_8gm:auto_generated                                                   ; work         ;
;          |sign_div_unsign_9kh:divider| ; 30 (0)            ; 0 (0)        ; 0           ; 0            ; 0       ; 0         ; 0    ; 0            ; |traffic_light_controller|lpm_divide:Div0|lpm_divide_8gm:auto_generated|sign_div_unsign_9kh:divider                       ; work         ;
;             |alt_u_div_t2f:divider|    ; 30 (30)           ; 0 (0)        ; 0           ; 0            ; 0       ; 0         ; 0    ; 0            ; |traffic_light_controller|lpm_divide:Div0|lpm_divide_8gm:auto_generated|sign_div_unsign_9kh:divider|alt_u_div_t2f:divider ; work         ;
;    |lpm_divide:Mod0|                   ; 30 (0)            ; 0 (0)        ; 0           ; 0            ; 0       ; 0         ; 0    ; 0            ; |traffic_light_controller|lpm_divide:Mod0                                                                                 ; work         ;
;       |lpm_divide_b8m:auto_generated|  ; 30 (0)            ; 0 (0)        ; 0           ; 0            ; 0       ; 0         ; 0    ; 0            ; |traffic_light_controller|lpm_divide:Mod0|lpm_divide_b8m:auto_generated                                                   ; work         ;
;          |sign_div_unsign_9kh:divider| ; 30 (0)            ; 0 (0)        ; 0           ; 0            ; 0       ; 0         ; 0    ; 0            ; |traffic_light_controller|lpm_divide:Mod0|lpm_divide_b8m:auto_generated|sign_div_unsign_9kh:divider                       ; work         ;
;             |alt_u_div_t2f:divider|    ; 30 (30)           ; 0 (0)        ; 0           ; 0            ; 0       ; 0         ; 0    ; 0            ; |traffic_light_controller|lpm_divide:Mod0|lpm_divide_b8m:auto_generated|sign_div_unsign_9kh:divider|alt_u_div_t2f:divider ; work         ;
;    |mux_clock_divider:mux_clk_div|     ; 24 (24)           ; 18 (18)      ; 0           ; 0            ; 0       ; 0         ; 0    ; 0            ; |traffic_light_controller|mux_clock_divider:mux_clk_div                                                                   ; work         ;
;    |seven_seg_decoder:seg_decoder|     ; 7 (7)             ; 0 (0)        ; 0           ; 0            ; 0       ; 0         ; 0    ; 0            ; |traffic_light_controller|seven_seg_decoder:seg_decoder                                                                   ; work         ;
;    |timer:main_timer|                  ; 7 (7)             ; 7 (7)        ; 0           ; 0            ; 0       ; 0         ; 0    ; 0            ; |traffic_light_controller|timer:main_timer                                                                                ; work         ;
+----------------------------------------+-------------------+--------------+-------------+--------------+---------+-----------+------+--------------+---------------------------------------------------------------------------------------------------------------------------+--------------+
Note: For table entries with two numbers listed, the numbers in parentheses indicate the number of resources of the given type used by the specific entity alone. The numbers listed outside of parentheses indicate the total resources of the given type used by the specific entity and all of its sub-entities in the hierarchy.


Encoding Type:  One-Hot
+-----------------------------------------------------------------------------------------------------------------------------------------+
; State Machine - |traffic_light_controller|prev_state                                                                                    ;
+---------------------------+---------------------------+--------------------------+---------------------------+--------------------------+
; Name                      ; prev_state.STATE_E_YELLOW ; prev_state.STATE_E_GREEN ; prev_state.STATE_N_YELLOW ; prev_state.STATE_N_GREEN ;
+---------------------------+---------------------------+--------------------------+---------------------------+--------------------------+
; prev_state.STATE_N_GREEN  ; 0                         ; 0                        ; 0                         ; 0                        ;
; prev_state.STATE_N_YELLOW ; 0                         ; 0                        ; 1                         ; 1                        ;
; prev_state.STATE_E_GREEN  ; 0                         ; 1                        ; 0                         ; 1                        ;
; prev_state.STATE_E_YELLOW ; 1                         ; 0                        ; 0                         ; 1                        ;
+---------------------------+---------------------------+--------------------------+---------------------------+--------------------------+


Encoding Type:  One-Hot
+------------------------------------------------------------------------------------------------------------------------------------+
; State Machine - |traffic_light_controller|state_reg                                                                                ;
+--------------------------+--------------------------+-------------------------+--------------------------+-------------------------+
; Name                     ; state_reg.STATE_E_YELLOW ; state_reg.STATE_E_GREEN ; state_reg.STATE_N_YELLOW ; state_reg.STATE_N_GREEN ;
+--------------------------+--------------------------+-------------------------+--------------------------+-------------------------+
; state_reg.STATE_N_GREEN  ; 0                        ; 0                       ; 0                        ; 0                       ;
; state_reg.STATE_N_YELLOW ; 0                        ; 0                       ; 1                        ; 1                       ;
; state_reg.STATE_E_GREEN  ; 0                        ; 1                       ; 0                        ; 1                       ;
; state_reg.STATE_E_YELLOW ; 1                        ; 0                       ; 0                        ; 1                       ;
+--------------------------+--------------------------+-------------------------+--------------------------+-------------------------+


+------------------------------------------------------------+
; Registers Removed During Synthesis                         ;
+---------------------------------------+--------------------+
; Register name                         ; Reason for Removal ;
+---------------------------------------+--------------------+
; prev_state.STATE_N_GREEN              ; Lost fanout        ;
; prev_state.STATE_N_YELLOW             ; Lost fanout        ;
; prev_state.STATE_E_GREEN              ; Lost fanout        ;
; prev_state.STATE_E_YELLOW             ; Lost fanout        ;
; prev_state~4                          ; Lost fanout        ;
; prev_state~5                          ; Lost fanout        ;
; state_reg~4                           ; Lost fanout        ;
; state_reg~5                           ; Lost fanout        ;
; Total Number of Removed Registers = 8 ;                    ;
+---------------------------------------+--------------------+


+------------------------------------------------------+
; General Register Statistics                          ;
+----------------------------------------------+-------+
; Statistic                                    ; Value ;
+----------------------------------------------+-------+
; Total registers                              ; 59    ;
; Number of registers using Synchronous Clear  ; 50    ;
; Number of registers using Synchronous Load   ; 0     ;
; Number of registers using Asynchronous Clear ; 59    ;
; Number of registers using Asynchronous Load  ; 0     ;
; Number of registers using Clock Enable       ; 6     ;
; Number of registers using Preset             ; 0     ;
+----------------------------------------------+-------+


+--------------------------------------------------+
; Inverted Register Statistics                     ;
+----------------------------------------+---------+
; Inverted Register                      ; Fan out ;
+----------------------------------------+---------+
; timer_start                            ; 7       ;
; Total number of inverted registers = 1 ;         ;
+----------------------------------------+---------+


+---------------------------------------------------------------------------------------------------------------------------------------------------------------+
; Multiplexer Restructuring Statistics (Restructuring Performed)                                                                                                ;
+--------------------+-----------+---------------+----------------------+------------------------+------------+-------------------------------------------------+
; Multiplexer Inputs ; Bus Width ; Baseline Area ; Area if Restructured ; Saving if Restructured ; Registered ; Example Multiplexer Output                      ;
+--------------------+-----------+---------------+----------------------+------------------------+------------+-------------------------------------------------+
; 3:1                ; 6 bits    ; 12 LEs        ; 6 LEs                ; 6 LEs                  ; Yes        ; |traffic_light_controller|timer:main_timer|Q[3] ;
; 4:1                ; 6 bits    ; 12 LEs        ; 12 LEs               ; 0 LEs                  ; No         ; |traffic_light_controller|display_time[4]       ;
; 9:1                ; 2 bits    ; 12 LEs        ; 4 LEs                ; 8 LEs                  ; No         ; |traffic_light_controller|Selector3             ;
; 11:1               ; 2 bits    ; 14 LEs        ; 6 LEs                ; 8 LEs                  ; No         ; |traffic_light_controller|Selector2             ;
+--------------------+-----------+---------------+----------------------+------------------------+------------+-------------------------------------------------+


+------------------------------------------------------------------------------------------+
; Parameter Settings for User Entity Instance: Top-level Entity: |traffic_light_controller ;
+----------------+----------+--------------------------------------------------------------+
; Parameter Name ; Value    ; Type                                                         ;
+----------------+----------+--------------------------------------------------------------+
; GREEN_TIME     ; 30       ; Signed Integer                                               ;
; YELLOW_TIME    ; 5        ; Signed Integer                                               ;
; CLK_DIV        ; 50000000 ; Signed Integer                                               ;
; MUX_CLK_DIV    ; 50000    ; Signed Integer                                               ;
+----------------+----------+--------------------------------------------------------------+
Note: In order to hide this table in the UI and the text report file, please set the "Show Parameter Settings in Synthesis Report" option in "Analysis and Synthesis Settings -> More Settings" to "Off".


+--------------------------------------------------------------------+
; Parameter Settings for User Entity Instance: clock_divider:clk_div ;
+----------------+----------+----------------------------------------+
; Parameter Name ; Value    ; Type                                   ;
+----------------+----------+----------------------------------------+
; DIV_VALUE      ; 50000000 ; Signed Integer                         ;
+----------------+----------+----------------------------------------+
Note: In order to hide this table in the UI and the text report file, please set the "Show Parameter Settings in Synthesis Report" option in "Analysis and Synthesis Settings -> More Settings" to "Off".


+----------------------------------------------------------------------------+
; Parameter Settings for User Entity Instance: mux_clock_divider:mux_clk_div ;
+----------------+-------+---------------------------------------------------+
; Parameter Name ; Value ; Type                                              ;
+----------------+-------+---------------------------------------------------+
; DIV_VALUE      ; 50000 ; Signed Integer                                    ;
+----------------+-------+---------------------------------------------------+
Note: In order to hide this table in the UI and the text report file, please set the "Show Parameter Settings in Synthesis Report" option in "Analysis and Synthesis Settings -> More Settings" to "Off".


+---------------------------------------------------------------+
; Parameter Settings for User Entity Instance: timer:main_timer ;
+----------------+-------+--------------------------------------+
; Parameter Name ; Value ; Type                                 ;
+----------------+-------+--------------------------------------+
; FINAL_VALUE    ; 30    ; Signed Integer                       ;
+----------------+-------+--------------------------------------+
Note: In order to hide this table in the UI and the text report file, please set the "Show Parameter Settings in Synthesis Report" option in "Analysis and Synthesis Settings -> More Settings" to "Off".


+------------------------------------------------------------------+
; Parameter Settings for Inferred Entity Instance: lpm_divide:Mod0 ;
+------------------------+----------------+------------------------+
; Parameter Name         ; Value          ; Type                   ;
+------------------------+----------------+------------------------+
; LPM_WIDTHN             ; 6              ; Untyped                ;
; LPM_WIDTHD             ; 4              ; Untyped                ;
; LPM_NREPRESENTATION    ; UNSIGNED       ; Untyped                ;
; LPM_DREPRESENTATION    ; UNSIGNED       ; Untyped                ;
; LPM_PIPELINE           ; 0              ; Untyped                ;
; LPM_REMAINDERPOSITIVE  ; TRUE           ; Untyped                ;
; MAXIMIZE_SPEED         ; 5              ; Untyped                ;
; CBXI_PARAMETER         ; lpm_divide_b8m ; Untyped                ;
; CARRY_CHAIN            ; MANUAL         ; Untyped                ;
; OPTIMIZE_FOR_SPEED     ; 5              ; Untyped                ;
; AUTO_CARRY_CHAINS      ; ON             ; AUTO_CARRY             ;
; IGNORE_CARRY_BUFFERS   ; OFF            ; IGNORE_CARRY           ;
; AUTO_CASCADE_CHAINS    ; ON             ; AUTO_CASCADE           ;
; IGNORE_CASCADE_BUFFERS ; OFF            ; IGNORE_CASCADE         ;
+------------------------+----------------+------------------------+
Note: In order to hide this table in the UI and the text report file, please set the "Show Parameter Settings in Synthesis Report" option in "Analysis and Synthesis Settings -> More Settings" to "Off".


+------------------------------------------------------------------+
; Parameter Settings for Inferred Entity Instance: lpm_divide:Div0 ;
+------------------------+----------------+------------------------+
; Parameter Name         ; Value          ; Type                   ;
+------------------------+----------------+------------------------+
; LPM_WIDTHN             ; 6              ; Untyped                ;
; LPM_WIDTHD             ; 4              ; Untyped                ;
; LPM_NREPRESENTATION    ; UNSIGNED       ; Untyped                ;
; LPM_DREPRESENTATION    ; UNSIGNED       ; Untyped                ;
; LPM_PIPELINE           ; 0              ; Untyped                ;
; LPM_REMAINDERPOSITIVE  ; TRUE           ; Untyped                ;
; MAXIMIZE_SPEED         ; 5              ; Untyped                ;
; CBXI_PARAMETER         ; lpm_divide_8gm ; Untyped                ;
; CARRY_CHAIN            ; MANUAL         ; Untyped                ;
; OPTIMIZE_FOR_SPEED     ; 5              ; Untyped                ;
; AUTO_CARRY_CHAINS      ; ON             ; AUTO_CARRY             ;
; IGNORE_CARRY_BUFFERS   ; OFF            ; IGNORE_CARRY           ;
; AUTO_CASCADE_CHAINS    ; ON             ; AUTO_CASCADE           ;
; IGNORE_CASCADE_BUFFERS ; OFF            ; IGNORE_CASCADE         ;
+------------------------+----------------+------------------------+
Note: In order to hide this table in the UI and the text report file, please set the "Show Parameter Settings in Synthesis Report" option in "Analysis and Synthesis Settings -> More Settings" to "Off".


+----------------------------------------------------------------------------------------------------------------+
; Port Connectivity Checks: "timer:main_timer"                                                                   ;
+------+--------+----------+-------------------------------------------------------------------------------------+
; Port ; Type   ; Severity ; Details                                                                             ;
+------+--------+----------+-------------------------------------------------------------------------------------+
; done ; Output ; Info     ; Connected to dangling logic. Logic that only feeds a dangling port will be removed. ;
+------+--------+----------+-------------------------------------------------------------------------------------+


+-------------------------------+
; Elapsed Time Per Partition    ;
+----------------+--------------+
; Partition Name ; Elapsed Time ;
+----------------+--------------+
; Top            ; 00:00:00     ;
+----------------+--------------+


+-------------------------------+
; Analysis & Synthesis Messages ;
+-------------------------------+
Info: *******************************************************************
Info: Running Quartus II 64-Bit Analysis & Synthesis
    Info: Version 13.1.0 Build 162 10/23/2013 SJ Web Edition
    Info: Processing started: Tue Dec 30 10:33:18 2025
Info: Command: quartus_map --read_settings_files=on --write_settings_files=off Traffic_Ligh_Controller -c Traffic_Ligh_Controller
Info (11104): Parallel Compilation has detected 12 hyper-threaded processors. However, the extra hyper-threaded processors will not be used by default. Parallel Compilation will use 6 of the 6 physical processors detected instead.
Info (12021): Found 1 design units, including 1 entities, in source file traffic_light_controller_tb.v
    Info (12023): Found entity 1: traffic_light_controller_tb
Info (12021): Found 1 design units, including 1 entities, in source file traffic_light_controller.v
    Info (12023): Found entity 1: traffic_light_controller
Info (12021): Found 4 design units, including 4 entities, in source file timer.v
    Info (12023): Found entity 1: timer
    Info (12023): Found entity 2: clock_divider
    Info (12023): Found entity 3: mux_clock_divider
    Info (12023): Found entity 4: seven_seg_decoder
Info (12127): Elaborating entity "traffic_light_controller" for the top level hierarchy
Warning (10036): Verilog HDL or VHDL warning at traffic_light_controller.v(24): object "prev_state" assigned a value but never read
Warning (10036): Verilog HDL or VHDL warning at traffic_light_controller.v(33): object "timer_target" assigned a value but never read
Warning (10230): Verilog HDL assignment warning at traffic_light_controller.v(76): truncated value with size 32 to match size of target (6)
Warning (10230): Verilog HDL assignment warning at traffic_light_controller.v(77): truncated value with size 32 to match size of target (6)
Warning (10230): Verilog HDL assignment warning at traffic_light_controller.v(78): truncated value with size 32 to match size of target (6)
Warning (10230): Verilog HDL assignment warning at traffic_light_controller.v(79): truncated value with size 32 to match size of target (6)
Warning (10230): Verilog HDL assignment warning at traffic_light_controller.v(80): truncated value with size 32 to match size of target (6)
Warning (10230): Verilog HDL assignment warning at traffic_light_controller.v(127): truncated value with size 32 to match size of target (6)
Warning (10230): Verilog HDL assignment warning at traffic_light_controller.v(131): truncated value with size 32 to match size of target (4)
Warning (10230): Verilog HDL assignment warning at traffic_light_controller.v(132): truncated value with size 32 to match size of target (4)
Info (12128): Elaborating entity "clock_divider" for hierarchy "clock_divider:clk_div"
Warning (10230): Verilog HDL assignment warning at timer.v(72): truncated value with size 32 to match size of target (27)
Info (12128): Elaborating entity "mux_clock_divider" for hierarchy "mux_clock_divider:mux_clk_div"
Warning (10230): Verilog HDL assignment warning at timer.v(113): truncated value with size 32 to match size of target (17)
Info (12128): Elaborating entity "timer" for hierarchy "timer:main_timer"
Warning (10230): Verilog HDL assignment warning at timer.v(27): truncated value with size 32 to match size of target (6)
Info (12128): Elaborating entity "seven_seg_decoder" for hierarchy "seven_seg_decoder:seg_decoder"
Info (278001): Inferred 2 megafunctions from design logic
    Info (278004): Inferred divider/modulo megafunction ("lpm_divide") from the following logic: "Mod0"
    Info (278004): Inferred divider/modulo megafunction ("lpm_divide") from the following logic: "Div0"
Info (12130): Elaborated megafunction instantiation "lpm_divide:Mod0"
Info (12133): Instantiated megafunction "lpm_divide:Mod0" with the following parameter:
    Info (12134): Parameter "LPM_WIDTHN" = "6"
    Info (12134): Parameter "LPM_WIDTHD" = "4"
    Info (12134): Parameter "LPM_NREPRESENTATION" = "UNSIGNED"
    Info (12134): Parameter "LPM_DREPRESENTATION" = "UNSIGNED"
Info (12021): Found 1 design units, including 1 entities, in source file db/lpm_divide_b8m.tdf
    Info (12023): Found entity 1: lpm_divide_b8m
Info (12021): Found 1 design units, including 1 entities, in source file db/sign_div_unsign_9kh.tdf
    Info (12023): Found entity 1: sign_div_unsign_9kh
Info (12021): Found 1 design units, including 1 entities, in source file db/alt_u_div_t2f.tdf
    Info (12023): Found entity 1: alt_u_div_t2f
Info (12021): Found 1 design units, including 1 entities, in source file db/add_sub_unc.tdf
    Info (12023): Found entity 1: add_sub_unc
Info (12021): Found 1 design units, including 1 entities, in source file db/add_sub_vnc.tdf
    Info (12023): Found entity 1: add_sub_vnc
Info (12130): Elaborated megafunction instantiation "lpm_divide:Div0"
Info (12133): Instantiated megafunction "lpm_divide:Div0" with the following parameter:
    Info (12134): Parameter "LPM_WIDTHN" = "6"
    Info (12134): Parameter "LPM_WIDTHD" = "4"
    Info (12134): Parameter "LPM_NREPRESENTATION" = "UNSIGNED"
    Info (12134): Parameter "LPM_DREPRESENTATION" = "UNSIGNED"
Info (12021): Found 1 design units, including 1 entities, in source file db/lpm_divide_8gm.tdf
    Info (12023): Found entity 1: lpm_divide_8gm
Info (13000): Registers with preset signals will power-up high
Info (13003): DEV_CLRn pin will set, and not reset, register with preset signal due to NOT Gate Push-Back
Info (286030): Timing-Driven Synthesis is running
Info (17049): 8 registers lost all their fanouts during netlist optimizations.
Info (144001): Generated suppressed messages file D:/Semster_7/VLSI/Traffic_Light_Controller/output_files/Traffic_Ligh_Controller.map.smsg
Info (16010): Generating hard_block partition "hard_block:auto_generated_inst"
    Info (16011): Adding 0 node(s), including 0 DDIO, 0 PLL, 0 transceiver and 0 LCELL
Info (21057): Implemented 202 device resources after synthesis - the final resource count might be different
    Info (21058): Implemented 4 input pins
    Info (21059): Implemented 15 output pins
    Info (21061): Implemented 183 logic cells
Info: Quartus II 64-Bit Analysis & Synthesis was successful. 0 errors, 13 warnings
    Info: Peak virtual memory: 4658 megabytes
    Info: Processing ended: Tue Dec 30 10:33:20 2025
    Info: Elapsed time: 00:00:02
    Info: Total CPU time (on all processors): 00:00:01


+------------------------------------------+
; Analysis & Synthesis Suppressed Messages ;
+------------------------------------------+
The suppressed messages can be found in D:/Semster_7/VLSI/Traffic_Light_Controller/output_files/Traffic_Ligh_Controller.map.smsg.


